Using pre-set license

 COMMAND LINE ARGUMENTS:
/Applications/Unity/Hub/Editor/2020.3.4f1/Unity.app/Contents/MacOS/Unity
-adb2
-batchMode
-noUpm
-name
AssetImportWorker0
-projectPath
/Users/devzincat/Desktop/My/Software Eng/Unity/Picaroon Company/02 Day - 2D Animation/Testing 2D Animation
-logFile
Logs/AssetImportWorker0.log
-srvPort
49332
Successfully changed project path to: /Users/devzincat/Desktop/My/Software Eng/Unity/Picaroon Company/02 Day - 2D Animation/Testing 2D Animation
/Users/devzincat/Desktop/My/Software Eng/Unity/Picaroon Company/02 Day - 2D Animation/Testing 2D Animation
Using Asset Import Pipeline V2.
Refreshing native plugins compatible for Editor in 52.77 ms, found 2 plugins.
Preloading 0 native plugins for Editor in 0.00 ms.
Initialize engine version: 2020.3.4f1 (0abb6314276a)
[Subsystems] Discovering subsystems at path /Applications/Unity/Hub/Editor/2020.3.4f1/Unity.app/Contents/Resources/UnitySubsystems
[Subsystems] Discovering subsystems at path /Users/devzincat/Desktop/My/Software Eng/Unity/Picaroon Company/02 Day - 2D Animation/Testing 2D Animation/Assets
GfxDevice: creating device client; threaded=0
2022-02-16 21:51:06.251 Unity[5411:293907] Color LCD preferred device: Intel Iris Pro Graphics (low power)
2022-02-16 21:51:06.251 Unity[5411:293907] Metal devices available: 1
2022-02-16 21:51:06.251 Unity[5411:293907] 0: Intel Iris Pro Graphics (low power)
2022-02-16 21:51:06.251 Unity[5411:293907] Using device Intel Iris Pro Graphics (low power)
Initializing Metal device caps: Intel Iris Pro Graphics
Initialize mono
Mono path[0] = '/Applications/Unity/Hub/Editor/2020.3.4f1/Unity.app/Contents/Managed'
Mono path[1] = '/Applications/Unity/Hub/Editor/2020.3.4f1/Unity.app/Contents/MonoBleedingEdge/lib/mono/unityjit'
Mono config path = '/Applications/Unity/Hub/Editor/2020.3.4f1/Unity.app/Contents/MonoBleedingEdge/etc'
Using monoOptions --debugger-agent=transport=dt_socket,embedding=1,server=y,suspend=n,address=127.0.0.1:56411
Begin MonoManager ReloadAssembly
Registering precompiled unity dll's ...
Register platform support module: /Applications/Unity/Hub/Editor/2020.3.4f1/PlaybackEngines/WebGLSupport/UnityEditor.WebGL.Extensions.dll
Register platform support module: /Applications/Unity/Hub/Editor/2020.3.4f1/Unity.app/Contents/PlaybackEngines/MacStandaloneSupport/UnityEditor.OSXStandalone.Extensions.dll
Register platform support module: /Applications/Unity/Hub/Editor/2020.3.4f1/PlaybackEngines/WindowsStandaloneSupport/UnityEditor.WindowsStandalone.Extensions.dll
Registered in 0.004952 seconds.
Native extension for WindowsStandalone target not found
Native extension for OSXStandalone target not found
Native extension for WebGL target not found
Refreshing native plugins compatible for Editor in 49.29 ms, found 2 plugins.
Preloading 0 native plugins for Editor in 0.00 ms.
Mono: successfully reloaded assembly
- Completed reload, in  2.831 seconds
Platform modules already initialized, skipping
Registering precompiled user dll's ...
Registered in 0.000595 seconds.
Begin MonoManager ReloadAssembly
Native extension for WindowsStandalone target not found
Native extension for OSXStandalone target not found
Native extension for WebGL target not found
Refreshing native plugins compatible for Editor in 48.57 ms, found 2 plugins.
Preloading 0 native plugins for Editor in 0.00 ms.
Mono: successfully reloaded assembly
- Completed reload, in  1.396 seconds
Platform modules already initialized, skipping
========================================================================
Worker process is ready to serve import requests
Launching external process: /Applications/Unity/Hub/Editor/2020.3.4f1/Unity.app/Contents/Tools/UnityShaderCompiler
Launched and connected shader compiler UnityShaderCompiler after 0.01 seconds
Refreshing native plugins compatible for Editor in 0.42 ms, found 2 plugins.
Preloading 0 native plugins for Editor in 0.00 ms.
Unloading 1808 Unused Serialized files (Serialized files now loaded: 0)
System memory in use before: 147.3 MB.
System memory in use after: 147.2 MB.

Unloading 24 unused Assets to reduce memory usage. Loaded Objects now: 2250.
Total: 3.261604 ms (FindLiveObjects: 0.363136 ms CreateObjectMapping: 0.084242 ms MarkObjects: 2.635471 ms  DeleteObjects: 0.177196 ms)

========================================================================
Received Import Request.
  path: Assets/horse.psb
  artifactKey: Guid(1eece5547bbe74600a2de8cdc7ae0cba) Importer(815301076,1909f56bfc062723c751e8b465ee728b)
Start importing Assets/horse.psb using Guid(1eece5547bbe74600a2de8cdc7ae0cba) Importer(815301076,1909f56bfc062723c751e8b465ee728b)  -> (artifact id: '858ceefa75e8ba605be492641a6bc182') in 1.494012 seconds
  Import took 1.500838 seconds .

========================================================================
Received Import Request.
  Time since last request: 33245.710208 seconds.
  path: Assets/horse.psb
  artifactKey: Guid(1eece5547bbe74600a2de8cdc7ae0cba) Importer(815301076,1909f56bfc062723c751e8b465ee728b)
Start importing Assets/horse.psb using Guid(1eece5547bbe74600a2de8cdc7ae0cba) Importer(815301076,1909f56bfc062723c751e8b465ee728b)  -> (artifact id: '9dd03cc01707d4cc680bab184fcb02d0') in 0.086463 seconds
  Import took 0.103235 seconds .

========================================================================
Received Import Request.
  Time since last request: 202.251717 seconds.
  path: Assets/horse.psb
  artifactKey: Guid(1eece5547bbe74600a2de8cdc7ae0cba) Importer(815301076,1909f56bfc062723c751e8b465ee728b)
Start importing Assets/horse.psb using Guid(1eece5547bbe74600a2de8cdc7ae0cba) Importer(815301076,1909f56bfc062723c751e8b465ee728b)  -> (artifact id: '4d9ad1b9c557618592b94e985ffe0914') in 0.128024 seconds
  Import took 0.133891 seconds .

========================================================================
Received Import Request.
  Time since last request: 43.271779 seconds.
  path: Assets/horse.psb
  artifactKey: Guid(1eece5547bbe74600a2de8cdc7ae0cba) Importer(815301076,1909f56bfc062723c751e8b465ee728b)
Start importing Assets/horse.psb using Guid(1eece5547bbe74600a2de8cdc7ae0cba) Importer(815301076,1909f56bfc062723c751e8b465ee728b)  -> (artifact id: '93565df91ba5bf2751ae14a7f667cabd') in 0.072066 seconds
  Import took 0.077763 seconds .

========================================================================
Received Import Request.
  Time since last request: 3559.158771 seconds.
  path: Assets/horse.psb
  artifactKey: Guid(1eece5547bbe74600a2de8cdc7ae0cba) Importer(815301076,1909f56bfc062723c751e8b465ee728b)
Start importing Assets/horse.psb using Guid(1eece5547bbe74600a2de8cdc7ae0cba) Importer(815301076,1909f56bfc062723c751e8b465ee728b)  -> (artifact id: 'ef3cddab36eaabd6f4ef950143642e20') in 0.196679 seconds
  Import took 0.201955 seconds .

========================================================================
Received Import Request.
  Time since last request: 13.931663 seconds.
  path: Assets/Animation
  artifactKey: Guid(07b9260edb53e43b99c8f48dcb643aa1) Importer(815301076,1909f56bfc062723c751e8b465ee728b)
Start importing Assets/Animation using Guid(07b9260edb53e43b99c8f48dcb643aa1) Importer(815301076,1909f56bfc062723c751e8b465ee728b)  -> (artifact id: 'f2eabf4a3c43d1e664c8a1f416474fd1') in 0.002712 seconds
  Import took 0.007441 seconds .

========================================================================
Received Prepare
Registering precompiled user dll's ...
Registered in 0.000668 seconds.
Begin MonoManager ReloadAssembly
Native extension for WindowsStandalone target not found
Native extension for OSXStandalone target not found
Native extension for WebGL target not found
Refreshing native plugins compatible for Editor in 0.43 ms, found 2 plugins.
Preloading 0 native plugins for Editor in 0.00 ms.
Mono: successfully reloaded assembly
- Completed reload, in  1.106 seconds
Platform modules already initialized, skipping
Refreshing native plugins compatible for Editor in 0.45 ms, found 2 plugins.
Preloading 0 native plugins for Editor in 0.00 ms.
Unloading 1803 Unused Serialized files (Serialized files now loaded: 0)
System memory in use before: 156.0 MB.
System memory in use after: 156.0 MB.

Unloading 12 unused Assets to reduce memory usage. Loaded Objects now: 2275.
Total: 2.983881 ms (FindLiveObjects: 0.347003 ms CreateObjectMapping: 0.118818 ms MarkObjects: 2.363041 ms  DeleteObjects: 0.153891 ms)

========================================================================
Received Import Request.
  Time since last request: 2429.621392 seconds.
  path: Assets/Scenes
  artifactKey: Guid(ab70ae665279a41a9a6aa18862b1f07b) Importer(815301076,1909f56bfc062723c751e8b465ee728b)
Start importing Assets/Scenes using Guid(ab70ae665279a41a9a6aa18862b1f07b) Importer(815301076,1909f56bfc062723c751e8b465ee728b)  -> (artifact id: 'e63e415441b1ed118be4f57b5b9b44dc') in 0.006433 seconds
  Import took 0.010691 seconds .

AssetImportWorkerClient::OnTransportError - code=2 error=End of file
